Solid Edge Translation to STL
Date: vendredi,décembre 30,2022 02:05
Source File:C:\Users\Hoover48\Desktop\HCI\3D_Computing_and_Modelling\Project\Wheel_3.par
Source System: SOLID EDGE

Hardware:
Processor: AMD Ryzen 7 5700U with Radeon Graphics         
Operating System: Windows 10
Installed Memory: 5,86 GB

Software Information:
Parasolid Version: 34.0.153
PSBodyshop Version: 34.0.110
Solid Edge Version: 222.00.00.132 x64

STL Export Options:
Output File Format:BINARY
Export Displayed Parts:Off
structureOption: Monolithic
Export Units:Inch
Export Tolerance Value:0,050000
Export Tolerance Type:Custom
Export Surface Plane Angle Value:0,523599

Translation progress:
Phase 1 of 2 Fetching Parasolid information...
Number of STL file Created : 1
Translation process completed
Time required to translate:00 : 00 : 00
